<?xml version="1.0" encoding="UTF-8"?>
<coverage generated="1695281593963" clover="3.2.0">
  <project timestamp="1695281593963" name="All files">
    <metrics statements="86" coveredstatements="74" conditionals="45" coveredconditionals="36" methods="28" coveredmethods="25" elements="159" coveredelements="135" complexity="0" loc="86" ncloc="86" packages="5" files="5" classes="5"/>
    <package name="src">
      <metrics statements="25" coveredstatements="24" conditionals="15" coveredconditionals="14" methods="7" coveredmethods="7"/>
      <file name="App.tsx" path="C:/Users/carlb/OneDrive/Skrivbord/skolprojekt/personlig inlamning - plu/Dictionary/src/App.tsx">
        <metrics statements="25" coveredstatements="24" conditionals="15" coveredconditionals="14" methods="7" coveredmethods="7"/>
        <line num="15" count="35" type="stmt"/>
        <line num="16" count="35" type="stmt"/>
        <line num="17" count="35" type="stmt"/>
        <line num="18" count="35" type="stmt"/>
        <line num="19" count="35" type="stmt"/>
        <line num="22" count="4" type="stmt"/>
        <line num="23" count="4" type="cond" truecount="2" falsecount="0"/>
        <line num="24" count="1" type="stmt"/>
        <line num="25" count="1" type="stmt"/>
        <line num="27" count="3" type="stmt"/>
        <line num="28" count="3" type="stmt"/>
        <line num="33" count="35" type="stmt"/>
        <line num="37" count="3" type="cond" truecount="2" falsecount="0"/>
        <line num="38" count="2" type="stmt"/>
        <line num="41" count="2" type="stmt"/>
        <line num="43" count="1" type="stmt"/>
        <line num="44" count="1" type="stmt"/>
        <line num="46" count="3" type="stmt"/>
        <line num="50" count="35" type="stmt"/>
        <line num="51" count="35" type="cond" truecount="4" falsecount="0"/>
        <line num="52" count="5" type="stmt"/>
        <line num="55" count="5" type="cond" truecount="1" falsecount="1"/>
        <line num="56" count="0" type="stmt"/>
        <line num="71" count="18" type="stmt"/>
        <line num="74" count="2" type="stmt"/>
      </file>
    </package>
    <package name="src.api">
      <metrics statements="7" coveredstatements="6" conditionals="0" coveredconditionals="0" methods="1" coveredmethods="1"/>
      <file name="getDescription.ts" path="C:/Users/carlb/OneDrive/Skrivbord/skolprojekt/personlig inlamning - plu/Dictionary/src/api/getDescription.ts">
        <metrics statements="7" coveredstatements="6" conditionals="0" coveredconditionals="0" methods="1" coveredmethods="1"/>
        <line num="4" count="4" type="stmt"/>
        <line num="6" count="4" type="stmt"/>
        <line num="7" count="4" type="stmt"/>
        <line num="8" count="4" type="stmt"/>
        <line num="10" count="4" type="stmt"/>
        <line num="11" count="4" type="stmt"/>
        <line num="13" count="0" type="stmt"/>
      </file>
    </package>
    <package name="src.components.lightDark">
      <metrics statements="16" coveredstatements="11" conditionals="6" coveredconditionals="4" methods="5" coveredmethods="4"/>
      <file name="LightDark.tsx" path="C:/Users/carlb/OneDrive/Skrivbord/skolprojekt/personlig inlamning - plu/Dictionary/src/components/lightDark/LightDark.tsx">
        <metrics statements="16" coveredstatements="11" conditionals="6" coveredconditionals="4" methods="5" coveredmethods="4"/>
        <line num="9" count="35" type="stmt"/>
        <line num="10" count="35" type="stmt"/>
        <line num="12" count="35" type="stmt"/>
        <line num="14" count="5" type="cond" truecount="1" falsecount="1"/>
        <line num="15" count="0" type="stmt"/>
        <line num="16" count="0" type="stmt"/>
        <line num="18" count="5" type="cond" truecount="2" falsecount="0"/>
        <line num="19" count="2" type="stmt"/>
        <line num="20" count="2" type="stmt"/>
        <line num="26" count="1" type="cond" truecount="1" falsecount="1"/>
        <line num="27" count="0" type="stmt"/>
        <line num="28" count="0" type="stmt"/>
        <line num="29" count="0" type="stmt"/>
        <line num="32" count="1" type="stmt"/>
        <line num="33" count="1" type="stmt"/>
        <line num="34" count="1" type="stmt"/>
      </file>
    </package>
    <package name="src.components.wordComp">
      <metrics statements="28" coveredstatements="25" conditionals="19" coveredconditionals="15" methods="12" coveredmethods="10"/>
      <file name="WordComp.tsx" path="C:/Users/carlb/OneDrive/Skrivbord/skolprojekt/personlig inlamning - plu/Dictionary/src/components/wordComp/WordComp.tsx">
        <metrics statements="28" coveredstatements="25" conditionals="19" coveredconditionals="15" methods="12" coveredmethods="10"/>
        <line num="7" count="11" type="cond" truecount="1" falsecount="1"/>
        <line num="8" count="11" type="stmt"/>
        <line num="10" count="11" type="stmt"/>
        <line num="11" count="11" type="stmt"/>
        <line num="12" count="11" type="stmt"/>
        <line num="13" count="11" type="stmt"/>
        <line num="14" count="11" type="stmt"/>
        <line num="15" count="11" type="stmt"/>
        <line num="16" count="11" type="stmt"/>
        <line num="21" count="11" type="stmt"/>
        <line num="22" count="25" type="cond" truecount="3" falsecount="2"/>
        <line num="24" count="7" type="stmt"/>
        <line num="27" count="7" type="stmt"/>
        <line num="29" count="11" type="stmt"/>
        <line num="32" count="11" type="stmt"/>
        <line num="34" count="0" type="stmt"/>
        <line num="37" count="0" type="stmt"/>
        <line num="39" count="7" type="stmt"/>
        <line num="42" count="7" type="stmt"/>
        <line num="44" count="0" type="stmt"/>
        <line num="51" count="11" type="stmt"/>
        <line num="52" count="23" type="cond" truecount="2" falsecount="0"/>
        <line num="59" count="2" type="stmt"/>
        <line num="66" count="1" type="stmt"/>
        <line num="70" count="1" type="stmt"/>
        <line num="76" count="1" type="stmt"/>
        <line num="77" count="1" type="cond" truecount="1" falsecount="1"/>
        <line num="78" count="1" type="stmt"/>
      </file>
    </package>
    <package name="src.reducer">
      <metrics statements="10" coveredstatements="8" conditionals="5" coveredconditionals="3" methods="3" coveredmethods="3"/>
      <file name="LikedWordsContextProvider.tsx" path="C:/Users/carlb/OneDrive/Skrivbord/skolprojekt/personlig inlamning - plu/Dictionary/src/reducer/LikedWordsContextProvider.tsx">
        <metrics statements="10" coveredstatements="8" conditionals="5" coveredconditionals="3" methods="3" coveredmethods="3"/>
        <line num="8" count="1" type="stmt"/>
        <line num="11" count="5" type="stmt"/>
        <line num="13" count="5" type="stmt"/>
        <line num="28" count="1" type="stmt"/>
        <line num="30" count="3" type="cond" truecount="2" falsecount="1"/>
        <line num="32" count="2" type="stmt"/>
        <line num="34" count="1" type="stmt"/>
        <line num="35" count="1" type="cond" truecount="1" falsecount="1"/>
        <line num="36" count="0" type="stmt"/>
        <line num="40" count="0" type="stmt"/>
      </file>
    </package>
  </project>
</coverage>
