{"C:/Users/carlb/OneDrive/Skrivbord/skolprojekt/personlig inlamning - plu/Dictionary/src/App.tsx": {"path":"C:/Users/carlb/OneDrive/Skrivbord/skolprojekt/personlig inlamning - plu/Dictionary/src/App.tsx","statementMap":{"0":{"start":{"line":15,"column":36},"end":{"line":15,"column":null}},"1":{"start":{"line":16,"column":42},"end":{"line":16,"column":null}},"2":{"start":{"line":17,"column":34},"end":{"line":17,"column":null}},"3":{"start":{"line":18,"column":40},"end":{"line":18,"column":null}},"4":{"start":{"line":19,"column":19},"end":{"line":19,"column":null}},"5":{"start":{"line":22,"column":19},"end":{"line":22,"column":null}},"6":{"start":{"line":23,"column":6},"end":{"line":29,"column":null}},"7":{"start":{"line":24,"column":8},"end":{"line":24,"column":null}},"8":{"start":{"line":25,"column":8},"end":{"line":25,"column":null}},"9":{"start":{"line":27,"column":8},"end":{"line":27,"column":null}},"10":{"start":{"line":28,"column":8},"end":{"line":28,"column":null}},"11":{"start":{"line":33,"column":36},"end":{"line":33,"column":null}},"12":{"start":{"line":37,"column":4},"end":{"line":45,"column":null}},"13":{"start":{"line":38,"column":32},"end":{"line":40,"column":null}},"14":{"start":{"line":41,"column":6},"end":{"line":41,"column":null}},"15":{"start":{"line":43,"column":6},"end":{"line":43,"column":null}},"16":{"start":{"line":44,"column":6},"end":{"line":44,"column":null}},"17":{"start":{"line":46,"column":4},"end":{"line":46,"column":null}},"18":{"start":{"line":50,"column":39},"end":{"line":50,"column":null}},"19":{"start":{"line":51,"column":2},"end":{"line":59,"column":null}},"20":{"start":{"line":52,"column":4},"end":{"line":54,"column":null}},"21":{"start":{"line":55,"column":4},"end":{"line":57,"column":null}},"22":{"start":{"line":56,"column":6},"end":{"line":56,"column":null}},"23":{"start":{"line":71,"column":46},"end":{"line":71,"column":null}},"24":{"start":{"line":74,"column":34},"end":{"line":74,"column":58}}},"fnMap":{"0":{"name":"App","decl":{"start":{"line":14,"column":9},"end":{"line":14,"column":null}},"loc":{"start":{"line":14,"column":9},"end":{"line":83,"column":null}}},"1":{"name":"handleGetWord","decl":{"start":{"line":21,"column":17},"end":{"line":21,"column":null}},"loc":{"start":{"line":21,"column":17},"end":{"line":30,"column":null}}},"2":{"name":"handleShowLiked","decl":{"start":{"line":34,"column":11},"end":{"line":34,"column":27}},"loc":{"start":{"line":34,"column":50},"end":{"line":47,"column":null}}},"3":{"name":"(anonymous_3)","decl":{"start":{"line":38,"column":41},"end":{"line":38,"column":42}},"loc":{"start":{"line":38,"column":65},"end":{"line":40,"column":null}}},"4":{"name":"(anonymous_4)","decl":{"start":{"line":52,"column":32},"end":{"line":52,"column":33}},"loc":{"start":{"line":52,"column":56},"end":{"line":54,"column":null}}},"5":{"name":"(anonymous_5)","decl":{"start":{"line":71,"column":41},"end":{"line":71,"column":46}},"loc":{"start":{"line":71,"column":46},"end":{"line":71,"column":null}}},"6":{"name":"(anonymous_6)","decl":{"start":{"line":74,"column":28},"end":{"line":74,"column":34}},"loc":{"start":{"line":74,"column":34},"end":{"line":74,"column":58}}}},"branchMap":{"0":{"loc":{"start":{"line":23,"column":6},"end":{"line":29,"column":null}},"type":"if","locations":[{"start":{"line":23,"column":6},"end":{"line":29,"column":null}},{"start":{"line":26,"column":13},"end":{"line":29,"column":null}}]},"1":{"loc":{"start":{"line":37,"column":4},"end":{"line":45,"column":null}},"type":"if","locations":[{"start":{"line":37,"column":4},"end":{"line":45,"column":null}},{"start":{"line":42,"column":11},"end":{"line":45,"column":null}}]},"2":{"loc":{"start":{"line":51,"column":2},"end":{"line":59,"column":null}},"type":"if","locations":[{"start":{"line":51,"column":2},"end":{"line":59,"column":null}},{"start":{"line":51,"column":2},"end":{"line":59,"column":null}}]},"3":{"loc":{"start":{"line":51,"column":6},"end":{"line":51,"column":51}},"type":"binary-expr","locations":[{"start":{"line":51,"column":6},"end":{"line":51,"column":22}},{"start":{"line":51,"column":22},"end":{"line":51,"column":51}}]},"4":{"loc":{"start":{"line":55,"column":4},"end":{"line":57,"column":null}},"type":"if","locations":[{"start":{"line":55,"column":4},"end":{"line":57,"column":null}},{"start":{"line":55,"column":4},"end":{"line":57,"column":null}}]},"5":{"loc":{"start":{"line":77,"column":9},"end":{"line":77,"column":null}},"type":"binary-expr","locations":[{"start":{"line":77,"column":9},"end":{"line":77,"column":22}},{"start":{"line":77,"column":22},"end":{"line":77,"column":null}}]},"6":{"loc":{"start":{"line":78,"column":9},"end":{"line":78,"column":21}},"type":"binary-expr","locations":[{"start":{"line":78,"column":9},"end":{"line":78,"column":21}}]},"7":{"loc":{"start":{"line":79,"column":10},"end":{"line":79,"column":null}},"type":"binary-expr","locations":[{"start":{"line":79,"column":10},"end":{"line":79,"column":23}},{"start":{"line":79,"column":23},"end":{"line":79,"column":null}}]}},"s":{"0":35,"1":35,"2":35,"3":35,"4":35,"5":4,"6":4,"7":1,"8":1,"9":3,"10":3,"11":35,"12":3,"13":2,"14":2,"15":1,"16":1,"17":3,"18":35,"19":35,"20":5,"21":5,"22":0,"23":18,"24":2},"f":{"0":35,"1":4,"2":3,"3":2,"4":9,"5":18,"6":2},"b":{"0":[1,3],"1":[2,1],"2":[5,30],"3":[35,5],"4":[0,5],"5":[35,5],"6":[35],"7":[35,2]}}
,"C:/Users/carlb/OneDrive/Skrivbord/skolprojekt/personlig inlamning - plu/Dictionary/src/api/getDescription.ts": {"path":"C:/Users/carlb/OneDrive/Skrivbord/skolprojekt/personlig inlamning - plu/Dictionary/src/api/getDescription.ts","statementMap":{"0":{"start":{"line":4,"column":16},"end":{"line":4,"column":73}},"1":{"start":{"line":6,"column":4},"end":{"line":17,"column":null}},"2":{"start":{"line":7,"column":25},"end":{"line":7,"column":null}},"3":{"start":{"line":8,"column":36},"end":{"line":8,"column":null}},"4":{"start":{"line":10,"column":8},"end":{"line":10,"column":null}},"5":{"start":{"line":11,"column":8},"end":{"line":11,"column":null}},"6":{"start":{"line":13,"column":8},"end":{"line":16,"column":null}}},"fnMap":{"0":{"name":"getDescription","decl":{"start":{"line":3,"column":15},"end":{"line":3,"column":30}},"loc":{"start":{"line":3,"column":42},"end":{"line":19,"column":null}}}},"branchMap":{},"s":{"0":4,"1":4,"2":4,"3":4,"4":4,"5":4,"6":0},"f":{"0":4},"b":{}}
,"C:/Users/carlb/OneDrive/Skrivbord/skolprojekt/personlig inlamning - plu/Dictionary/src/components/lightDark/LightDark.tsx": {"path":"C:/Users/carlb/OneDrive/Skrivbord/skolprojekt/personlig inlamning - plu/Dictionary/src/components/lightDark/LightDark.tsx","statementMap":{"0":{"start":{"line":9,"column":34},"end":{"line":9,"column":null}},"1":{"start":{"line":10,"column":46},"end":{"line":10,"column":null}},"2":{"start":{"line":12,"column":4},"end":{"line":23,"column":null}},"3":{"start":{"line":14,"column":8},"end":{"line":22,"column":null}},"4":{"start":{"line":15,"column":12},"end":{"line":15,"column":null}},"5":{"start":{"line":16,"column":12},"end":{"line":16,"column":null}},"6":{"start":{"line":18,"column":15},"end":{"line":22,"column":null}},"7":{"start":{"line":19,"column":12},"end":{"line":19,"column":null}},"8":{"start":{"line":20,"column":12},"end":{"line":20,"column":null}},"9":{"start":{"line":26,"column":8},"end":{"line":35,"column":null}},"10":{"start":{"line":27,"column":12},"end":{"line":27,"column":null}},"11":{"start":{"line":28,"column":12},"end":{"line":28,"column":null}},"12":{"start":{"line":28,"column":34},"end":{"line":28,"column":null}},"13":{"start":{"line":29,"column":12},"end":{"line":29,"column":null}},"14":{"start":{"line":32,"column":12},"end":{"line":32,"column":null}},"15":{"start":{"line":32,"column":34},"end":{"line":32,"column":null}},"16":{"start":{"line":33,"column":12},"end":{"line":33,"column":null}},"17":{"start":{"line":34,"column":12},"end":{"line":34,"column":null}}},"fnMap":{"0":{"name":"LightDark","decl":{"start":{"line":8,"column":9},"end":{"line":8,"column":19}},"loc":{"start":{"line":8,"column":31},"end":{"line":45,"column":null}}},"1":{"name":"(anonymous_1)","decl":{"start":{"line":12,"column":14},"end":{"line":12,"column":null}},"loc":{"start":{"line":12,"column":14},"end":{"line":23,"column":7}}},"2":{"name":"handleChange","decl":{"start":{"line":25,"column":13},"end":{"line":25,"column":null}},"loc":{"start":{"line":25,"column":13},"end":{"line":36,"column":null}}},"3":{"name":"(anonymous_3)","decl":{"start":{"line":28,"column":23},"end":{"line":28,"column":34}},"loc":{"start":{"line":28,"column":34},"end":{"line":28,"column":null}}},"4":{"name":"(anonymous_4)","decl":{"start":{"line":32,"column":23},"end":{"line":32,"column":34}},"loc":{"start":{"line":32,"column":34},"end":{"line":32,"column":null}}}},"branchMap":{"0":{"loc":{"start":{"line":14,"column":8},"end":{"line":22,"column":null}},"type":"if","locations":[{"start":{"line":14,"column":8},"end":{"line":22,"column":null}},{"start":{"line":18,"column":15},"end":{"line":22,"column":null}}]},"1":{"loc":{"start":{"line":18,"column":15},"end":{"line":22,"column":null}},"type":"if","locations":[{"start":{"line":18,"column":15},"end":{"line":22,"column":null}},{"start":{"line":18,"column":15},"end":{"line":22,"column":null}}]},"2":{"loc":{"start":{"line":26,"column":8},"end":{"line":35,"column":null}},"type":"if","locations":[{"start":{"line":26,"column":8},"end":{"line":35,"column":null}},{"start":{"line":31,"column":15},"end":{"line":35,"column":null}}]}},"s":{"0":35,"1":35,"2":35,"3":5,"4":0,"5":0,"6":5,"7":2,"8":2,"9":1,"10":0,"11":0,"12":0,"13":0,"14":1,"15":1,"16":1,"17":1},"f":{"0":35,"1":5,"2":1,"3":0,"4":1},"b":{"0":[0,5],"1":[2,3],"2":[0,1]}}
,"C:/Users/carlb/OneDrive/Skrivbord/skolprojekt/personlig inlamning - plu/Dictionary/src/components/wordComp/WordComp.tsx": {"path":"C:/Users/carlb/OneDrive/Skrivbord/skolprojekt/personlig inlamning - plu/Dictionary/src/components/wordComp/WordComp.tsx","statementMap":{"0":{"start":{"line":7,"column":4},"end":{"line":7,"column":31}},"1":{"start":{"line":7,"column":24},"end":{"line":7,"column":31}},"2":{"start":{"line":8,"column":31},"end":{"line":8,"column":null}},"3":{"start":{"line":10,"column":34},"end":{"line":10,"column":55}},"4":{"start":{"line":11,"column":37},"end":{"line":11,"column":null}},"5":{"start":{"line":12,"column":42},"end":{"line":12,"column":null}},"6":{"start":{"line":13,"column":37},"end":{"line":13,"column":null}},"7":{"start":{"line":14,"column":39},"end":{"line":14,"column":null}},"8":{"start":{"line":15,"column":45},"end":{"line":15,"column":null}},"9":{"start":{"line":16,"column":21},"end":{"line":16,"column":null}},"10":{"start":{"line":21,"column":4},"end":{"line":48,"column":null}},"11":{"start":{"line":22,"column":8},"end":{"line":47,"column":null}},"12":{"start":{"line":24,"column":16},"end":{"line":26,"column":null}},"13":{"start":{"line":27,"column":16},"end":{"line":27,"column":null}},"14":{"start":{"line":29,"column":16},"end":{"line":31,"column":null}},"15":{"start":{"line":32,"column":16},"end":{"line":32,"column":null}},"16":{"start":{"line":34,"column":16},"end":{"line":36,"column":null}},"17":{"start":{"line":37,"column":16},"end":{"line":37,"column":null}},"18":{"start":{"line":39,"column":16},"end":{"line":41,"column":null}},"19":{"start":{"line":42,"column":16},"end":{"line":42,"column":null}},"20":{"start":{"line":44,"column":16},"end":{"line":46,"column":null}},"21":{"start":{"line":51,"column":4},"end":{"line":55,"column":null}},"22":{"start":{"line":52,"column":8},"end":{"line":54,"column":null}},"23":{"start":{"line":59,"column":8},"end":{"line":62,"column":null}},"24":{"start":{"line":66,"column":8},"end":{"line":69,"column":null}},"25":{"start":{"line":70,"column":8},"end":{"line":70,"column":null}},"26":{"start":{"line":76,"column":24},"end":{"line":76,"column":null}},"27":{"start":{"line":76,"column":69},"end":{"line":76,"column":null}},"28":{"start":{"line":77,"column":8},"end":{"line":77,"column":null}},"29":{"start":{"line":77,"column":37},"end":{"line":77,"column":null}},"30":{"start":{"line":78,"column":8},"end":{"line":78,"column":null}}},"fnMap":{"0":{"name":"WordComp","decl":{"start":{"line":6,"column":9},"end":{"line":6,"column":18}},"loc":{"start":{"line":6,"column":49},"end":{"line":143,"column":null}}},"1":{"name":"(anonymous_1)","decl":{"start":{"line":21,"column":26},"end":{"line":21,"column":27}},"loc":{"start":{"line":21,"column":27},"end":{"line":48,"column":null}}},"2":{"name":"(anonymous_2)","decl":{"start":{"line":24,"column":47},"end":{"line":24,"column":48}},"loc":{"start":{"line":24,"column":74},"end":{"line":26,"column":null}}},"3":{"name":"(anonymous_3)","decl":{"start":{"line":29,"column":47},"end":{"line":29,"column":48}},"loc":{"start":{"line":29,"column":74},"end":{"line":31,"column":null}}},"4":{"name":"(anonymous_4)","decl":{"start":{"line":34,"column":52},"end":{"line":34,"column":53}},"loc":{"start":{"line":34,"column":79},"end":{"line":36,"column":null}}},"5":{"name":"(anonymous_5)","decl":{"start":{"line":39,"column":55},"end":{"line":39,"column":56}},"loc":{"start":{"line":39,"column":82},"end":{"line":41,"column":null}}},"6":{"name":"(anonymous_6)","decl":{"start":{"line":44,"column":49},"end":{"line":44,"column":50}},"loc":{"start":{"line":44,"column":76},"end":{"line":46,"column":null}}},"7":{"name":"(anonymous_7)","decl":{"start":{"line":51,"column":31},"end":{"line":51,"column":32}},"loc":{"start":{"line":51,"column":53},"end":{"line":55,"column":null}}},"8":{"name":"handleAdded","decl":{"start":{"line":58,"column":13},"end":{"line":58,"column":null}},"loc":{"start":{"line":58,"column":13},"end":{"line":63,"column":null}}},"9":{"name":"handleRemove","decl":{"start":{"line":65,"column":13},"end":{"line":65,"column":null}},"loc":{"start":{"line":65,"column":13},"end":{"line":71,"column":null}}},"10":{"name":"updateLikedDOM","decl":{"start":{"line":75,"column":13},"end":{"line":75,"column":null}},"loc":{"start":{"line":75,"column":13},"end":{"line":79,"column":null}}},"11":{"name":"(anonymous_11)","decl":{"start":{"line":76,"column":36},"end":{"line":76,"column":37}},"loc":{"start":{"line":76,"column":69},"end":{"line":76,"column":null}}}},"branchMap":{"0":{"loc":{"start":{"line":7,"column":4},"end":{"line":7,"column":31}},"type":"if","locations":[{"start":{"line":7,"column":4},"end":{"line":7,"column":31}},{"start":{"line":7,"column":4},"end":{"line":7,"column":31}}]},"1":{"loc":{"start":{"line":22,"column":8},"end":{"line":47,"column":null}},"type":"switch","locations":[{"start":{"line":23,"column":12},"end":{"line":27,"column":null}},{"start":{"line":28,"column":12},"end":{"line":32,"column":null}},{"start":{"line":33,"column":12},"end":{"line":37,"column":null}},{"start":{"line":38,"column":12},"end":{"line":42,"column":null}},{"start":{"line":43,"column":12},"end":{"line":46,"column":null}}]},"2":{"loc":{"start":{"line":52,"column":8},"end":{"line":54,"column":null}},"type":"if","locations":[{"start":{"line":52,"column":8},"end":{"line":54,"column":null}},{"start":{"line":52,"column":8},"end":{"line":54,"column":null}}]},"3":{"loc":{"start":{"line":77,"column":8},"end":{"line":77,"column":null}},"type":"if","locations":[{"start":{"line":77,"column":8},"end":{"line":77,"column":null}},{"start":{"line":77,"column":8},"end":{"line":77,"column":null}}]},"4":{"loc":{"start":{"line":86,"column":16},"end":{"line":88,"column":17}},"type":"cond-expr","locations":[{"start":{"line":86,"column":16},"end":{"line":88,"column":17}}]},"5":{"loc":{"start":{"line":91,"column":17},"end":{"line":91,"column":null}},"type":"binary-expr","locations":[{"start":{"line":91,"column":17},"end":{"line":91,"column":26}},{"start":{"line":91,"column":26},"end":{"line":91,"column":null}}]},"6":{"loc":{"start":{"line":95,"column":17},"end":{"line":95,"column":null}},"type":"binary-expr","locations":[{"start":{"line":95,"column":17},"end":{"line":95,"column":null}}]},"7":{"loc":{"start":{"line":104,"column":17},"end":{"line":104,"column":null}},"type":"binary-expr","locations":[{"start":{"line":104,"column":17},"end":{"line":104,"column":null}}]},"8":{"loc":{"start":{"line":113,"column":17},"end":{"line":113,"column":null}},"type":"binary-expr","locations":[{"start":{"line":113,"column":17},"end":{"line":113,"column":null}}]},"9":{"loc":{"start":{"line":122,"column":17},"end":{"line":122,"column":null}},"type":"binary-expr","locations":[{"start":{"line":122,"column":17},"end":{"line":122,"column":null}}]},"10":{"loc":{"start":{"line":131,"column":17},"end":{"line":131,"column":null}},"type":"binary-expr","locations":[{"start":{"line":131,"column":17},"end":{"line":131,"column":null}}]}},"s":{"0":11,"1":0,"2":11,"3":11,"4":11,"5":11,"6":11,"7":11,"8":11,"9":11,"10":11,"11":25,"12":7,"13":7,"14":11,"15":11,"16":0,"17":0,"18":7,"19":7,"20":0,"21":11,"22":23,"23":2,"24":1,"25":1,"26":1,"27":1,"28":1,"29":0,"30":1},"f":{"0":11,"1":25,"2":79,"3":35,"4":0,"5":17,"6":0,"7":23,"8":2,"9":1,"10":1,"11":1},"b":{"0":[0,11],"1":[7,11,0,7,0],"2":[12,11],"3":[0,1],"4":[2],"5":[11,11],"6":[11],"7":[11],"8":[11],"9":[11],"10":[11]}}
,"C:/Users/carlb/OneDrive/Skrivbord/skolprojekt/personlig inlamning - plu/Dictionary/src/reducer/LikedWordsContextProvider.tsx": {"path":"C:/Users/carlb/OneDrive/Skrivbord/skolprojekt/personlig inlamning - plu/Dictionary/src/reducer/LikedWordsContextProvider.tsx","statementMap":{"0":{"start":{"line":8,"column":33},"end":{"line":8,"column":56}},"1":{"start":{"line":11,"column":47},"end":{"line":11,"column":null}},"2":{"start":{"line":13,"column":4},"end":{"line":13,"column":null}},"3":{"start":{"line":28,"column":26},"end":{"line":42,"column":null}},"4":{"start":{"line":30,"column":4},"end":{"line":41,"column":null}},"5":{"start":{"line":32,"column":12},"end":{"line":32,"column":null}},"6":{"start":{"line":34,"column":12},"end":{"line":38,"column":null}},"7":{"start":{"line":35,"column":16},"end":{"line":37,"column":null}},"8":{"start":{"line":36,"column":20},"end":{"line":36,"column":null}},"9":{"start":{"line":40,"column":12},"end":{"line":40,"column":null}}},"fnMap":{"0":{"name":"LikedWordsContextProvider","decl":{"start":{"line":10,"column":9},"end":{"line":10,"column":35}},"loc":{"start":{"line":10,"column":50},"end":{"line":21,"column":null}}},"1":{"name":"(anonymous_1)","decl":{"start":{"line":28,"column":26},"end":{"line":28,"column":27}},"loc":{"start":{"line":28,"column":58},"end":{"line":42,"column":null}}},"2":{"name":"(anonymous_2)","decl":{"start":{"line":34,"column":37},"end":{"line":34,"column":38}},"loc":{"start":{"line":34,"column":38},"end":{"line":38,"column":null}}}},"branchMap":{"0":{"loc":{"start":{"line":30,"column":4},"end":{"line":41,"column":null}},"type":"switch","locations":[{"start":{"line":31,"column":8},"end":{"line":32,"column":null}},{"start":{"line":33,"column":8},"end":{"line":38,"column":null}},{"start":{"line":39,"column":8},"end":{"line":40,"column":null}}]},"1":{"loc":{"start":{"line":35,"column":16},"end":{"line":37,"column":null}},"type":"if","locations":[{"start":{"line":35,"column":16},"end":{"line":37,"column":null}},{"start":{"line":35,"column":16},"end":{"line":37,"column":null}}]}},"s":{"0":1,"1":5,"2":5,"3":1,"4":3,"5":2,"6":1,"7":1,"8":0,"9":0},"f":{"0":5,"1":3,"2":1},"b":{"0":[2,1,0],"1":[0,1]}}
}
